Added Component: Designator=100k(RESC3115X65N)
Add component (AddParameter): Name = "Availability"; Value = "Unavailable"; VariantName = "[No Variations]"
Add component (AddParameter): Name = "MF"; Value = "TE Connectivity"; VariantName = "[No Variations]"
Add component (AddParameter): Name = "MP"; Value = "CRG1206F620K"; VariantName = "[No Variations]"
Add component (AddParameter): Name = "Package"; Value = "1206 TE Connectivity"; VariantName = "[No Variations]"
Add component (AddParameter): Name = "Price"; Value = "0.00 USD"; VariantName = "[No Variations]"
Add component (AddParameter): Name = "SnapEDA_Link"; Value = "https://www.snapeda.com/parts/CRG1206F620K/TE%20Connectivity%20/%20DEUTSCH/view-part/?ref=snap"; VariantName = "[No Variations]"
Add component (AddParameter): Name = "Value"; Value = ""; VariantName = "[No Variations]"
Added Component: Designator=120(RESC3115X65N)
Add component (AddParameter): Name = "Availability"; Value = "Unavailable"; VariantName = "[No Variations]"
Add component (AddParameter): Name = "MF"; Value = "TE Connectivity"; VariantName = "[No Variations]"
Add component (AddParameter): Name = "MP"; Value = "CRG1206F620K"; VariantName = "[No Variations]"
Add component (AddParameter): Name = "Package"; Value = "1206 TE Connectivity"; VariantName = "[No Variations]"
Add component (AddParameter): Name = "Price"; Value = "0.00 USD"; VariantName = "[No Variations]"
Add component (AddParameter): Name = "SnapEDA_Link"; Value = "https://www.snapeda.com/parts/CRG1206F620K/TE%20Connectivity%20/%20DEUTSCH/view-part/?ref=snap"; VariantName = "[No Variations]"
Add component (AddParameter): Name = "Value"; Value = ""; VariantName = "[No Variations]"
Added Component: Designator=120(RESC3115X65N)
Add component (AddParameter): Name = "Availability"; Value = "Unavailable"; VariantName = "[No Variations]"
Add component (AddParameter): Name = "MF"; Value = "TE Connectivity"; VariantName = "[No Variations]"
Add component (AddParameter): Name = "MP"; Value = "CRG1206F620K"; VariantName = "[No Variations]"
Add component (AddParameter): Name = "Package"; Value = "1206 TE Connectivity"; VariantName = "[No Variations]"
Add component (AddParameter): Name = "Price"; Value = "0.00 USD"; VariantName = "[No Variations]"
Add component (AddParameter): Name = "SnapEDA_Link"; Value = "https://www.snapeda.com/parts/CRG1206F620K/TE%20Connectivity%20/%20DEUTSCH/view-part/?ref=snap"; VariantName = "[No Variations]"
Add component (AddParameter): Name = "Value"; Value = ""; VariantName = "[No Variations]"
Added Component: Designator=C1 100nF(*CAPC2012X100N)
Add component (AddParameter): Name = "Availability"; Value = "Unavailable"; VariantName = "[No Variations]"
Add component (AddParameter): Name = "MF"; Value = "TDK"; VariantName = "[No Variations]"
Add component (AddParameter): Name = "MP"; Value = "C2012X5R1E225M085AC"; VariantName = "[No Variations]"
Add component (AddParameter): Name = "Package"; Value = "0805 TDK"; VariantName = "[No Variations]"
Add component (AddParameter): Name = "Price"; Value = "None"; VariantName = "[No Variations]"
Add component (AddParameter): Name = "SnapEDA_Link"; Value = "https://www.snapeda.com/parts/C2012X5R1E225M085AC/TDK/view-part/?ref=snap"; VariantName = "[No Variations]"
Add component (AddParameter): Name = "Value"; Value = ""; VariantName = "[No Variations]"
Added Component: Designator=C2 100nF(*CAPC2012X100N)
Add component (AddParameter): Name = "Availability"; Value = "Unavailable"; VariantName = "[No Variations]"
Add component (AddParameter): Name = "MF"; Value = "TDK"; VariantName = "[No Variations]"
Add component (AddParameter): Name = "MP"; Value = "C2012X5R1E225M085AC"; VariantName = "[No Variations]"
Add component (AddParameter): Name = "Package"; Value = "0805 TDK"; VariantName = "[No Variations]"
Add component (AddParameter): Name = "Price"; Value = "None"; VariantName = "[No Variations]"
Add component (AddParameter): Name = "SnapEDA_Link"; Value = "https://www.snapeda.com/parts/C2012X5R1E225M085AC/TDK/view-part/?ref=snap"; VariantName = "[No Variations]"
Add component (AddParameter): Name = "Value"; Value = ""; VariantName = "[No Variations]"
Added Component: Designator=C3 100nF(*CAPC2012X100N)
Add component (AddParameter): Name = "Availability"; Value = "Unavailable"; VariantName = "[No Variations]"
Add component (AddParameter): Name = "MF"; Value = "TDK"; VariantName = "[No Variations]"
Add component (AddParameter): Name = "MP"; Value = "C2012X5R1E225M085AC"; VariantName = "[No Variations]"
Add component (AddParameter): Name = "Package"; Value = "0805 TDK"; VariantName = "[No Variations]"
Add component (AddParameter): Name = "Price"; Value = "None"; VariantName = "[No Variations]"
Add component (AddParameter): Name = "SnapEDA_Link"; Value = "https://www.snapeda.com/parts/C2012X5R1E225M085AC/TDK/view-part/?ref=snap"; VariantName = "[No Variations]"
Add component (AddParameter): Name = "Value"; Value = ""; VariantName = "[No Variations]"
Added Component: Designator=C4 100nF(*CAPC2012X100N)
Add component (AddParameter): Name = "Availability"; Value = "Unavailable"; VariantName = "[No Variations]"
Add component (AddParameter): Name = "MF"; Value = "TDK"; VariantName = "[No Variations]"
Add component (AddParameter): Name = "MP"; Value = "C2012X5R1E225M085AC"; VariantName = "[No Variations]"
Add component (AddParameter): Name = "Package"; Value = "0805 TDK"; VariantName = "[No Variations]"
Add component (AddParameter): Name = "Price"; Value = "None"; VariantName = "[No Variations]"
Add component (AddParameter): Name = "SnapEDA_Link"; Value = "https://www.snapeda.com/parts/C2012X5R1E225M085AC/TDK/view-part/?ref=snap"; VariantName = "[No Variations]"
Add component (AddParameter): Name = "Value"; Value = ""; VariantName = "[No Variations]"
Added Component: Designator=CAN_Ext(MOLEX_874270402)
Add component (AddParameter): Name = "Availability"; Value = "In Stock"; VariantName = "[No Variations]"
Add component (AddParameter): Name = "Check_prices"; Value = "https://www.snapeda.com/parts/874270402/Molex/view-part/?ref=eda"; VariantName = "[No Variations]"
Add component (AddParameter): Name = "MF"; Value = "Molex"; VariantName = "[No Variations]"
Add component (AddParameter): Name = "MP"; Value = "874270402"; VariantName = "[No Variations]"
Add component (AddParameter): Name = "Package"; Value = "None"; VariantName = "[No Variations]"
Add component (AddParameter): Name = "Price"; Value = "None"; VariantName = "[No Variations]"
Add component (AddParameter): Name = "Purchase-URL"; Value = "https://pricing.snapeda.com/search/part/874270402/?ref=eda"; VariantName = "[No Variations]"
Add component (AddParameter): Name = "SnapEDA_Link"; Value = "https://www.snapeda.com/parts/874270402/Molex/view-part/?ref=snap"; VariantName = "[No Variations]"
Add component (AddParameter): Name = "Value"; Value = ""; VariantName = "[No Variations]"
Added Component: Designator=CAN_Ext(2Pin)
Added Component: Designator=CAN_FT(2Pin)
Added Component: Designator=CAN_FT(MOLEX_874270402)
Add component (AddParameter): Name = "Availability"; Value = "In Stock"; VariantName = "[No Variations]"
Add component (AddParameter): Name = "Check_prices"; Value = "https://www.snapeda.com/parts/874270402/Molex/view-part/?ref=eda"; VariantName = "[No Variations]"
Add component (AddParameter): Name = "MF"; Value = "Molex"; VariantName = "[No Variations]"
Add component (AddParameter): Name = "MP"; Value = "874270402"; VariantName = "[No Variations]"
Add component (AddParameter): Name = "Package"; Value = "None"; VariantName = "[No Variations]"
Add component (AddParameter): Name = "Price"; Value = "None"; VariantName = "[No Variations]"
Add component (AddParameter): Name = "Purchase-URL"; Value = "https://pricing.snapeda.com/search/part/874270402/?ref=eda"; VariantName = "[No Variations]"
Add component (AddParameter): Name = "SnapEDA_Link"; Value = "https://www.snapeda.com/parts/874270402/Molex/view-part/?ref=snap"; VariantName = "[No Variations]"
Add component (AddParameter): Name = "Value"; Value = ""; VariantName = "[No Variations]"
Added Component: Designator=Fusivel(*FUSM3216X140N)
Add component (AddParameter): Name = "Availability"; Value = "Unavailable"; VariantName = "[No Variations]"
Add component (AddParameter): Name = "MF"; Value = "AVX"; VariantName = "[No Variations]"
Add component (AddParameter): Name = "MP"; Value = "F1206B3R00FWTR"; VariantName = "[No Variations]"
Add component (AddParameter): Name = "Package"; Value = "1206 AVX"; VariantName = "[No Variations]"
Add component (AddParameter): Name = "Price"; Value = "None"; VariantName = "[No Variations]"
Add component (AddParameter): Name = "SnapEDA_Link"; Value = "https://www.snapeda.com/parts/F1206B3R00FWTR/AVX%20/%20Kyocera/view-part/?ref=snap"; VariantName = "[No Variations]"
Add component (AddParameter): Name = "Value"; Value = ""; VariantName = "[No Variations]"
Added Component: Designator=GPS(SAMTEC_FWJ-04-01-T-S)
Add component (AddParameter): Name = "Availability"; Value = "Bad"; VariantName = "[No Variations]"
Add component (AddParameter): Name = "Check_prices"; Value = "https://www.snapeda.com/parts/FWJ-04-01-T-S/Samtec/view-part/3573755/?ref=eda"; VariantName = "[No Variations]"
Add component (AddParameter): Name = "MF"; Value = "Samtec"; VariantName = "[No Variations]"
Add component (AddParameter): Name = "MP"; Value = "FWJ-04-01-T-S"; VariantName = "[No Variations]"
Add component (AddParameter): Name = "Package"; Value = "None"; VariantName = "[No Variations]"
Add component (AddParameter): Name = "Price"; Value = "None"; VariantName = "[No Variations]"
Add component (AddParameter): Name = "Purchase-URL"; Value = "https://pricing.snapeda.com/search/part/FWJ-04-01-T-S/?ref=eda"; VariantName = "[No Variations]"
Add component (AddParameter): Name = "SnapEDA_Link"; Value = "https://www.snapeda.com/parts/FWJ-04-01-T-S/Samtec/view-part/3573755/?ref=snap"; VariantName = "[No Variations]"
Add component (AddParameter): Name = "Value"; Value = ""; VariantName = "[No Variations]"
Added Component: Designator=Modulo_SD(MICROSD_MODULE)
Added Component: Designator=R2 100k(RESC3115X65N)
Add component (AddParameter): Name = "Availability"; Value = "Unavailable"; VariantName = "[No Variations]"
Add component (AddParameter): Name = "MF"; Value = "TE Connectivity"; VariantName = "[No Variations]"
Add component (AddParameter): Name = "MP"; Value = "CRG1206F620K"; VariantName = "[No Variations]"
Add component (AddParameter): Name = "Package"; Value = "1206 TE Connectivity"; VariantName = "[No Variations]"
Add component (AddParameter): Name = "Price"; Value = "0.00 USD"; VariantName = "[No Variations]"
Add component (AddParameter): Name = "SnapEDA_Link"; Value = "https://www.snapeda.com/parts/CRG1206F620K/TE%20Connectivity%20/%20DEUTSCH/view-part/?ref=snap"; VariantName = "[No Variations]"
Add component (AddParameter): Name = "Value"; Value = ""; VariantName = "[No Variations]"
Added Component: Designator=Sensores(MOLEX_874270402)
Add component (AddParameter): Name = "Availability"; Value = "In Stock"; VariantName = "[No Variations]"
Add component (AddParameter): Name = "Check_prices"; Value = "https://www.snapeda.com/parts/874270402/Molex/view-part/?ref=eda"; VariantName = "[No Variations]"
Add component (AddParameter): Name = "MF"; Value = "Molex"; VariantName = "[No Variations]"
Add component (AddParameter): Name = "MP"; Value = "874270402"; VariantName = "[No Variations]"
Add component (AddParameter): Name = "Package"; Value = "None"; VariantName = "[No Variations]"
Add component (AddParameter): Name = "Price"; Value = "None"; VariantName = "[No Variations]"
Add component (AddParameter): Name = "Purchase-URL"; Value = "https://pricing.snapeda.com/search/part/874270402/?ref=eda"; VariantName = "[No Variations]"
Add component (AddParameter): Name = "SnapEDA_Link"; Value = "https://www.snapeda.com/parts/874270402/Molex/view-part/?ref=snap"; VariantName = "[No Variations]"
Add component (AddParameter): Name = "Value"; Value = ""; VariantName = "[No Variations]"
Added Component: Designator=Sinc_Ext(2Pin)
Added Component: Designator=Sinc_FT(2Pin)
Added Component: Designator=T_Ext(2Pin)
Added Component: Designator=T_FT(2Pin)
Added Component: Designator=(MODULE_ESP32_DEVKIT_V1)
Add component (AddParameter): Name = "Availability"; Value = "Not in stock"; VariantName = "[No Variations]"
Add component (AddParameter): Name = "Check_prices"; Value = "https://www.snapeda.com/parts/ESP32-DEVKIT-V1/Do+it/view-part/?ref=eda"; VariantName = "[No Variations]"
Add component (AddParameter): Name = "MF"; Value = "Do it"; VariantName = "[No Variations]"
Add component (AddParameter): Name = "MP"; Value = "ESP32-DEVKIT-V1"; VariantName = "[No Variations]"
Add component (AddParameter): Name = "Package"; Value = "None"; VariantName = "[No Variations]"
Add component (AddParameter): Name = "Price"; Value = "None"; VariantName = "[No Variations]"
Add component (AddParameter): Name = "SnapEDA_Link"; Value = "https://www.snapeda.com/parts/ESP32-DEVKIT-V1/Do+it/view-part/?ref=snap"; VariantName = "[No Variations]"
Add component (AddParameter): Name = "Value"; Value = ""; VariantName = "[No Variations]"
Added Component: Designator=Transceiver_Ext(SOIC127P600X175-8N)
Add component (AddParameter): Name = "Availability"; Value = "In Stock"; VariantName = "[No Variations]"
Add component (AddParameter): Name = "Check_prices"; Value = "https://www.snapeda.com/parts/MCP2551-E/SN/Microchip/view-part/?ref=eda"; VariantName = "[No Variations]"
Add component (AddParameter): Name = "MF"; Value = "Microchip"; VariantName = "[No Variations]"
Add component (AddParameter): Name = "MP"; Value = "MCP2551-E/SN"; VariantName = "[No Variations]"
Add component (AddParameter): Name = "Package"; Value = "SOIC-8 Microchip"; VariantName = "[No Variations]"
Add component (AddParameter): Name = "Price"; Value = "None"; VariantName = "[No Variations]"
Add component (AddParameter): Name = "Purchase-URL"; Value = "https://pricing.snapeda.com/search/part/MCP2551-E/SN/?ref=eda"; VariantName = "[No Variations]"
Add component (AddParameter): Name = "SnapEDA_Link"; Value = "https://www.snapeda.com/parts/MCP2551-E/SN/Microchip/view-part/?ref=snap"; VariantName = "[No Variations]"
Add component (AddParameter): Name = "Value"; Value = ""; VariantName = "[No Variations]"
Added Component: Designator=Transceiver(SOIC127P600X175-8N)
Add component (AddParameter): Name = "Availability"; Value = "In Stock"; VariantName = "[No Variations]"
Add component (AddParameter): Name = "Check_prices"; Value = "https://www.snapeda.com/parts/MCP2551-E/SN/Microchip/view-part/?ref=eda"; VariantName = "[No Variations]"
Add component (AddParameter): Name = "MF"; Value = "Microchip"; VariantName = "[No Variations]"
Add component (AddParameter): Name = "MP"; Value = "MCP2551-E/SN"; VariantName = "[No Variations]"
Add component (AddParameter): Name = "Package"; Value = "SOIC-8 Microchip"; VariantName = "[No Variations]"
Add component (AddParameter): Name = "Price"; Value = "None"; VariantName = "[No Variations]"
Add component (AddParameter): Name = "Purchase-URL"; Value = "https://pricing.snapeda.com/search/part/MCP2551-E/SN/?ref=eda"; VariantName = "[No Variations]"
Add component (AddParameter): Name = "SnapEDA_Link"; Value = "https://www.snapeda.com/parts/MCP2551-E/SN/Microchip/view-part/?ref=snap"; VariantName = "[No Variations]"
Add component (AddParameter): Name = "Value"; Value = ""; VariantName = "[No Variations]"
Added Component: Designator=Vreg(PCBComponent_1)
Added Pin To Net: NetName=GND Pin=-2
Added Pin To Net: NetName=GND Pin=-29
Added Pin To Net: NetName=GND Pin=100k-1
Added Pin To Net: NetName=GND Pin=C2 100nF-1
Added Pin To Net: NetName=GND Pin=C3 100nF-2
Added Pin To Net: NetName=GND Pin=C4 100nF-2
Added Pin To Net: NetName=GND Pin=CAN_Ext-3
Added Pin To Net: NetName=GND Pin=CAN_FT-3
Added Pin To Net: NetName=GND Pin=GPS-04
Added Pin To Net: NetName=GND Pin=Modulo_SD-0
Added Pin To Net: NetName=GND Pin=R2 100k-1
Added Pin To Net: NetName=GND Pin=Sensores-3
Added Pin To Net: NetName=GND Pin=Transceiver-2
Added Pin To Net: NetName=GND Pin=Transceiver_Ext-2
Added Pin To Net: NetName=GND Pin=Vreg-4
Added Pin To Net: NetName=GND Pin=Vreg-4
Added Net: Name=GND
Added Pin To Net: NetName=Net100k_2 Pin=100k-2
Added Pin To Net: NetName=Net100k_2 Pin=Transceiver-8
Added Net: Name=Net100k_2
Added Pin To Net: NetName=Net120_1 Pin=120-1
Added Pin To Net: NetName=Net120_1 Pin=CAN_Ext-1
Added Pin To Net: NetName=Net120_1 Pin=Transceiver_Ext-6
Added Net: Name=Net120_1
Add Net: Net with name "Net120_1" already exists
Added Pin To Net: NetName=Net120_2 Pin=120-2
Added Pin To Net: NetName=Net120_2 Pin=T_Ext-0
Added Net: Name=Net120_2
Add Net: Net with name "Net120_2" already exists
Added Pin To Net: NetName=Net_1 Pin=-1
Added Pin To Net: NetName=Net_1 Pin=C3 100nF-1
Added Pin To Net: NetName=Net_1 Pin=C4 100nF-1
Added Pin To Net: NetName=Net_1 Pin=Sensores-4
Added Pin To Net: NetName=Net_1 Pin=Transceiver-3
Added Pin To Net: NetName=Net_1 Pin=Transceiver_Ext-3
Added Net: Name=Net_1
Added Pin To Net: NetName=Net_3 Pin=-3
Added Pin To Net: NetName=Net_3 Pin=Modulo_SD-5
Added Net: Name=Net_3
Added Pin To Net: NetName=Net_5 Pin=-5
Added Pin To Net: NetName=Net_5 Pin=Transceiver-4
Added Net: Name=Net_5
Added Pin To Net: NetName=Net_6 Pin=-6
Added Pin To Net: NetName=Net_6 Pin=GPS-03
Added Net: Name=Net_6
Added Pin To Net: NetName=Net_7 Pin=-7
Added Pin To Net: NetName=Net_7 Pin=GPS-02
Added Net: Name=Net_7
Added Pin To Net: NetName=Net_8 Pin=-8
Added Pin To Net: NetName=Net_8 Pin=Transceiver-1
Added Net: Name=Net_8
Added Pin To Net: NetName=Net_9 Pin=-9
Added Pin To Net: NetName=Net_9 Pin=Modulo_SD-4
Added Net: Name=Net_9
Added Pin To Net: NetName=Net_10 Pin=-10
Added Pin To Net: NetName=Net_10 Pin=Modulo_SD-2
Added Net: Name=Net_10
Added Pin To Net: NetName=Net_11 Pin=-11
Added Pin To Net: NetName=Net_11 Pin=Sensores-2
Added Net: Name=Net_11
Added Pin To Net: NetName=Net_14 Pin=-14
Added Pin To Net: NetName=Net_14 Pin=Sensores-1
Added Net: Name=Net_14
Added Pin To Net: NetName=Net_15 Pin=-15
Added Pin To Net: NetName=Net_15 Pin=Modulo_SD-3
Added Net: Name=Net_15
Added Pin To Net: NetName=Net_20 Pin=-20
Added Pin To Net: NetName=Net_20 Pin=Sinc_Ext-0
Added Pin To Net: NetName=Net_20 Pin=Sinc_FT-0
Added Net: Name=Net_20
Added Pin To Net: NetName=Net_27 Pin=-27
Added Pin To Net: NetName=Net_27 Pin=Transceiver_Ext-4
Added Net: Name=Net_27
Added Pin To Net: NetName=Net_28 Pin=-28
Added Pin To Net: NetName=Net_28 Pin=Transceiver_Ext-1
Added Net: Name=Net_28
Added Pin To Net: NetName=Net_30 Pin=-30
Added Pin To Net: NetName=Net_30 Pin=C2 100nF-2
Added Pin To Net: NetName=Net_30 Pin=GPS-01
Added Pin To Net: NetName=Net_30 Pin=Modulo_SD-1
Added Pin To Net: NetName=Net_30 Pin=Vreg-3
Added Pin To Net: NetName=Net_30 Pin=Vreg-3
Added Net: Name=Net_30
Added Pin To Net: NetName=NetC1 100nF_1 Pin=C1 100nF-1
Added Pin To Net: NetName=NetC1 100nF_1 Pin=Vreg-1
Added Pin To Net: NetName=NetC1 100nF_1 Pin=Vreg-1
Added Net: Name=NetC1 100nF_1
Added Pin To Net: NetName=NetC1 100nF_2 Pin=C1 100nF-2
Added Pin To Net: NetName=NetC1 100nF_2 Pin=Fusivel-2
Added Pin To Net: NetName=NetC1 100nF_2 Pin=Vreg-2
Added Pin To Net: NetName=NetC1 100nF_2 Pin=Vreg-2
Added Net: Name=NetC1 100nF_2
Added Pin To Net: NetName=NetCAN_Ext_0 Pin=CAN_Ext-0
Added Pin To Net: NetName=NetCAN_Ext_0 Pin=CAN_Ext-2
Added Pin To Net: NetName=NetCAN_Ext_0 Pin=Sinc_Ext-1
Added Net: Name=NetCAN_Ext_0
Added Pin To Net: NetName=NetCAN_Ext_1 Pin=CAN_Ext-1
Added Pin To Net: NetName=NetCAN_Ext_1 Pin=T_Ext-1
Added Pin To Net: NetName=NetCAN_Ext_1 Pin=Transceiver_Ext-7
Added Net: Name=NetCAN_Ext_1
Added Pin To Net: NetName=NetCAN_Ext_4 Pin=CAN_Ext-4
Added Pin To Net: NetName=NetCAN_Ext_4 Pin=CAN_FT-4
Added Pin To Net: NetName=NetCAN_Ext_4 Pin=Fusivel-1
Added Net: Name=NetCAN_Ext_4
Added Pin To Net: NetName=NetCAN_FT_0 Pin=CAN_FT-0
Added Pin To Net: NetName=NetCAN_FT_0 Pin=CAN_FT-2
Added Pin To Net: NetName=NetCAN_FT_0 Pin=Sinc_FT-1
Added Net: Name=NetCAN_FT_0
Added Pin To Net: NetName=NetCAN_FT_1 Pin=CAN_FT-1
Added Pin To Net: NetName=NetCAN_FT_1 Pin=T_FT-1
Added Pin To Net: NetName=NetCAN_FT_1 Pin=Transceiver-7
Added Net: Name=NetCAN_FT_1
Added Pin To Net: NetName=NetR2 100k_2 Pin=R2 100k-2
Added Pin To Net: NetName=NetR2 100k_2 Pin=Transceiver_Ext-8
Added Net: Name=NetR2 100k_2
Added Class: Name=Esquematico_MainBoard
Added Room: Name=Esquematico_MainBoard
